Sat Oct 14 2023 12:6:39 } [StaySolutionBD] info: Server running on port 5000
Sat Oct 14 2023 12:7:47 } [StaySolutionBD] info: Server running on port 5000
Sat Oct 14 2023 12:9:33 } [StaySolutionBD] info: Server running on port 5000
Sat Oct 14 2023 12:9:42 } [StaySolutionBD] info: Server running on port 5000
Sat Oct 14 2023 12:10:42 } [StaySolutionBD] info: Server running on port 5000
Sat Oct 14 2023 12:11:32 } [StaySolutionBD] info: Server running on port 5000
Sat Oct 14 2023 12:12:9 } [StaySolutionBD] info: Server running on port 5000
Sat Oct 14 2023 12:13:28 } [StaySolutionBD] info: Server running on port 5000
Sat Oct 14 2023 12:14:21 } [StaySolutionBD] info: Server running on port 5000
Sat Oct 14 2023 12:15:16 } [StaySolutionBD] info: Server running on port 5000
Sat Oct 14 2023 12:18:20 } [StaySolutionBD] info: Server running on port 5000
Sat Oct 14 2023 12:19:36 } [StaySolutionBD] info: Server running on port 5000
Sat Oct 14 2023 12:19:58 } [StaySolutionBD] info: Server running on port 5000
Sat Oct 14 2023 12:20:35 } [StaySolutionBD] info: Server running on port 5000
Sat Oct 14 2023 12:21:39 } [StaySolutionBD] info: Server running on port 5000
Sat Oct 14 2023 12:22:32 } [StaySolutionBD] info: Server running on port 5000
Sat Oct 14 2023 12:23:12 } [StaySolutionBD] info: Server running on port 5000
Sat Oct 14 2023 12:23:17 } [StaySolutionBD] info: Server running on port 5000
Sat Oct 14 2023 12:24:2 } [StaySolutionBD] info: Server running on port 5000
Sat Oct 14 2023 12:24:20 } [StaySolutionBD] info: Server running on port 5000
Sat Oct 14 2023 12:26:26 } [StaySolutionBD] info: Server running on port 5000
Sat Oct 14 2023 12:26:43 } [StaySolutionBD] info: Server running on port 5000
Sat Oct 14 2023 12:26:58 } [StaySolutionBD] info: Server running on port 5000
Sat Oct 14 2023 12:27:10 } [StaySolutionBD] info: Server running on port 5000
Sat Oct 14 2023 12:27:23 } [StaySolutionBD] info: Server running on port 5000
Sat Oct 14 2023 12:27:26 } [StaySolutionBD] info: false
Sat Oct 14 2023 12:27:55 } [StaySolutionBD] info: Server running on port 5000
Sat Oct 14 2023 12:28:31 } [StaySolutionBD] info: Server running on port 5000
Sat Oct 14 2023 12:28:35 } [StaySolutionBD] info: Server running on port 5000
Sat Oct 14 2023 12:29:45 } [StaySolutionBD] info: Server running on port 5000
Sat Oct 14 2023 12:30:9 } [StaySolutionBD] info: Server running on port 5000
Sat Oct 14 2023 12:30:34 } [StaySolutionBD] info: Server running on port 5000
Sat Oct 14 2023 12:31:1 } [StaySolutionBD] info: Server running on port 5000
Sat Oct 14 2023 12:37:46 } [StaySolutionBD] info: Server running on port 5000
Sat Oct 14 2023 12:40:47 } [StaySolutionBD] info: Server running on port 5000
Sat Oct 14 2023 12:41:24 } [StaySolutionBD] info: Server running on port 5000
Sat Oct 14 2023 12:41:26 } [StaySolutionBD] info: error 
Invalid `prisma.user.create()` invocation:

{
  data: {
    firstNames: "Imran",
    middleName: "Mohammad",
    lastName: "Sheikh",
    role: "ADMIN",
    address: "Dhaka,dhaka",
    email: "imran@gmail.com",
    password: "$2b$12$Clt9WulZavsNodFMmFgvFO9Cdpi9pAMJFU2iwh0aKz60DMJxPAzSa",
+   firstName: String
  }
}

Argument `firstName` is missing.
Sat Oct 14 2023 12:41:42 } [StaySolutionBD] info: error 
Invalid `prisma.user.create()` invocation:

{
  data: {
    firstName: "Imran",
    middleName: "Mohammad",
    lastName: "Sheikh",
    role: "ADMIN",
          ~~~~~~~
    address: "Dhaka,dhaka",
    email: "imran@gmail.com",
    password: "$2b$12$n4zh3ztL14QssiHRU7RNRuDlh9J8zV0wkLz49zXsEm/RlRAJ3nr7m"
  }
}

Invalid value for argument `role`. Expected ROLE.
Sat Oct 14 2023 12:41:54 } [StaySolutionBD] info: error 
Invalid `prisma.user.create()` invocation:

{
  data: {
    firstName: "Imran",
    middleName: "Mohammad",
    lastName: "Sheikh",
    roles: "ADMIN",
    ~~~~~
    address: "Dhaka,dhaka",
    email: "imran@gmail.com",
    password: "$2b$12$CFyHoN6IEjhjuWaSvLLbN.7XkWjUKKbNVxwYnivSuj12KAqBSNfbO",
?   id?: String,
?   role?: ROLE,
?   passwordChangedAt?: DateTime | Null,
?   createdAt?: DateTime,
?   updatedAt?: DateTime
  }
}

Unknown argument `roles`. Did you mean `role`? Available options are marked with ?.
Sat Oct 14 2023 12:42:11 } [StaySolutionBD] info: error 
Invalid `prisma.user.create()` invocation:

{
  data: {
    firstNames: "Imran",
    middleName: "Mohammad",
    lastName: "Sheikh",
    role: "ADMIN",
    address: "Dhaka,dhaka",
    email: "imran@gmail.com",
    password: "$2b$12$MW192OXt5hG6jqLb/LDDf.R7xE3mD0JTEBi.tyE0M5UNkxY4A4qpW",
+   firstName: String
  }
}

Argument `firstName` is missing.
Sat Oct 14 2023 12:42:31 } [StaySolutionBD] info: error 
Invalid `prisma.user.create()` invocation:

{
  data: {
    firstName: "",
    middleName: "Mohammad",
    lastName: "Sheikh",
    role: "ADMIN",
          ~~~~~~~
    address: "Dhaka,dhaka",
    email: "imran@gmail.com",
    password: "$2b$12$r0dyiwMEF6i.LQpAJl2mVuQQW3TbUeqEuNEfrD0na6vamlnEoT8Vi"
  }
}

Invalid value for argument `role`. Expected ROLE.
Sat Oct 14 2023 12:42:46 } [StaySolutionBD] info: error 
Invalid `prisma.user.create()` invocation:

{
  data: {
    firstName: 123,
               ~~~
    middleName: "Mohammad",
    lastName: "Sheikh",
    role: "ADMIN",
    address: "Dhaka,dhaka",
    email: "imran@gmail.com",
    password: "$2b$12$c9PFLVtiYj3wu68ZTBFY/ujkjyhwlifA7NpCH2klUcuuEidih9nVO"
  }
}

Argument `firstName`: Invalid value provided. Expected String, provided Int.
Sat Oct 14 2023 12:43:3 } [StaySolutionBD] info: error 
Invalid `prisma.user.create()` invocation:

{
  data: {
    firstName: "imran",
    middleName: "Mohammad",
    lastNames: "Sheikh",
    role: "ADMIN",
    address: "Dhaka,dhaka",
    email: "imran@gmail.com",
    password: "$2b$12$qM7AUFCKDoFzto9ZjeMg2eEXOIZlgrIzz6pkWrzrhafUq6HGE9hE2",
+   lastName: String
  }
}

Argument `lastName` is missing.
Sat Oct 14 2023 12:43:9 } [StaySolutionBD] info: error 
Invalid `prisma.user.create()` invocation:

{
  data: {
    firstName: "imran",
    middleName: "Mohammad",
    lastName: "Sheikh",
    role: "ADMIN",
          ~~~~~~~
    address: "Dhaka,dhaka",
    email: "imran@gmail.com",
    password: "$2b$12$F3qHFbxFDD6x2jiAT2xwNObvt64Og755pBIjH/RVnC4U5UdpxQr4e"
  }
}

Invalid value for argument `role`. Expected ROLE.
Sat Oct 14 2023 12:43:29 } [StaySolutionBD] info: error 
Invalid `prisma.user.create()` invocation:

{
  data: {
    firstName: "imran",
    middleName: "Mohammad",
    lastName: "Sheikh",
    roles: "ADMIN",
    ~~~~~
    address: "Dhaka,dhaka",
    email: "imran@gmail.com",
    password: "$2b$12$z7EXzS3Cnybv0SQ2uvm1zenFi0d.FpppzQ4CfFjWqSi/0vHkE327e",
?   id?: String,
?   role?: ROLE,
?   passwordChangedAt?: DateTime | Null,
?   createdAt?: DateTime,
?   updatedAt?: DateTime
  }
}

Unknown argument `roles`. Did you mean `role`? Available options are marked with ?.
Sat Oct 14 2023 12:43:51 } [StaySolutionBD] info: error 
Invalid `prisma.user.create()` invocation:

{
  data: {
    firstName: "imran",
    middleName: "Mohammad",
    lastName: "Sheikh",
    role: "ADMIN",
    addresss: "Dhaka,dhaka",
    email: "imran@gmail.com",
    password: "$2b$12$Eo4qNPryAmbtmipxN/8hNOP8npGMbNe3Et7xKNTWv37DTCDjsM.Uq",
+   address: String
  }
}

Argument `address` is missing.
Sat Oct 14 2023 12:44:59 } [StaySolutionBD] info: Server running on port 5000
Sat Oct 14 2023 12:45:52 } [StaySolutionBD] info: Server running on port 5000
Sat Oct 14 2023 12:45:55 } [StaySolutionBD] info: Server running on port 5000
Sat Oct 14 2023 12:47:50 } [StaySolutionBD] info: Server running on port 5000
Sat Oct 14 2023 12:48:5 } [StaySolutionBD] info: Server running on port 5000
Sat Oct 14 2023 12:48:13 } [StaySolutionBD] info: Server running on port 5000
Sat Oct 14 2023 12:50:28 } [StaySolutionBD] info: Server running on port 5000
Sat Oct 14 2023 12:54:39 } [StaySolutionBD] info: Server running on port 5000
Sat Oct 14 2023 12:56:22 } [StaySolutionBD] info: Server running on port 5000
Sat Oct 14 2023 12:57:4 } [StaySolutionBD] info: Server running on port 5000
