Fri Oct 13 2023 19:1:35 } [StaySolutionBD] info: Server running on port 5000
Fri Oct 13 2023 19:1:37 } [StaySolutionBD] info: true
Fri Oct 13 2023 19:2:21 } [StaySolutionBD] info: Server running on port 5000
Fri Oct 13 2023 19:2:27 } [StaySolutionBD] info: true
Fri Oct 13 2023 19:2:29 } [StaySolutionBD] info: true
Fri Oct 13 2023 19:2:41 } [StaySolutionBD] info: Server running on port 5000
Fri Oct 13 2023 19:2:43 } [StaySolutionBD] info: true
Fri Oct 13 2023 19:2:44 } [StaySolutionBD] info: true
Fri Oct 13 2023 19:3:40 } [StaySolutionBD] info: Server running on port 5000
Fri Oct 13 2023 19:4:8 } [StaySolutionBD] info: Server running on port 5000
Fri Oct 13 2023 19:4:11 } [StaySolutionBD] info: Server running on port 5000
Fri Oct 13 2023 19:4:12 } [StaySolutionBD] info: true
Fri Oct 13 2023 19:4:42 } [StaySolutionBD] info: Server running on port 5000
Fri Oct 13 2023 19:4:56 } [StaySolutionBD] info: Server running on port 5000
Fri Oct 13 2023 19:5:47 } [StaySolutionBD] info: Server running on port 5000
Fri Oct 13 2023 19:6:6 } [StaySolutionBD] info: true
Fri Oct 13 2023 19:9:28 } [StaySolutionBD] info: Server running on port 5000
Fri Oct 13 2023 19:9:35 } [StaySolutionBD] info: true
Fri Oct 13 2023 19:10:27 } [StaySolutionBD] info: Server running on port 5000
Fri Oct 13 2023 19:10:31 } [StaySolutionBD] info: true
Fri Oct 13 2023 19:10:31 } [StaySolutionBD] info: error Unexpected token S in JSON at position 64
Fri Oct 13 2023 19:10:58 } [StaySolutionBD] info: Server running on port 5000
Fri Oct 13 2023 19:11:12 } [StaySolutionBD] info: Server running on port 5000
Fri Oct 13 2023 19:11:16 } [StaySolutionBD] info: Server running on port 5000
Fri Oct 13 2023 19:11:18 } [StaySolutionBD] info: true
Fri Oct 13 2023 19:12:6 } [StaySolutionBD] info: Server running on port 5000
Fri Oct 13 2023 19:12:11 } [StaySolutionBD] info: true
Fri Oct 13 2023 19:12:11 } [StaySolutionBD] info: Unexpected token S in JSON at position 64
Fri Oct 13 2023 19:12:58 } [StaySolutionBD] info: Server running on port 5000
Fri Oct 13 2023 19:13:4 } [StaySolutionBD] info: true
Fri Oct 13 2023 19:13:4 } [StaySolutionBD] info: Unexpected token S in JSON at position 64
Fri Oct 13 2023 19:18:9 } [StaySolutionBD] info: Server running on port 5000
Fri Oct 13 2023 19:18:34 } [StaySolutionBD] info: Server running on port 5000
Fri Oct 13 2023 19:18:39 } [StaySolutionBD] info: true
Fri Oct 13 2023 19:18:39 } [StaySolutionBD] info: Unexpected token S in JSON at position 64
Fri Oct 13 2023 19:19:26 } [StaySolutionBD] info: Server running on port 5000
Fri Oct 13 2023 19:19:59 } [StaySolutionBD] info: Server running on port 5000
Fri Oct 13 2023 19:20:18 } [StaySolutionBD] info: Server running on port 5000
Fri Oct 13 2023 19:20:22 } [StaySolutionBD] info: true
Fri Oct 13 2023 19:20:22 } [StaySolutionBD] info: Error 🧑‍💻🧑‍💻🧑‍💻
Fri Oct 13 2023 19:20:22 } [StaySolutionBD] info: Unexpected token S in JSON at position 64
Fri Oct 13 2023 19:23:39 } [StaySolutionBD] info: Server running on port 5000
Fri Oct 13 2023 19:23:46 } [StaySolutionBD] info: true
Fri Oct 13 2023 19:23:46 } [StaySolutionBD] info: Error 🧑‍💻🧑‍💻🧑‍💻
Fri Oct 13 2023 19:23:46 } [StaySolutionBD] info: Unexpected token S in JSON at position 64
Fri Oct 13 2023 19:25:23 } [StaySolutionBD] info: Server running on port 5000
Fri Oct 13 2023 19:25:29 } [StaySolutionBD] info: Server running on port 5000
Fri Oct 13 2023 19:25:38 } [StaySolutionBD] info: Server running on port 5000
Fri Oct 13 2023 19:25:46 } [StaySolutionBD] info: true
Fri Oct 13 2023 19:25:46 } [StaySolutionBD] info: Error 🧑‍💻🧑‍💻🧑‍💻
Fri Oct 13 2023 19:25:46 } [StaySolutionBD] info: Unexpected token S in JSON at position 64
Fri Oct 13 2023 19:42:2 } [StaySolutionBD] info: Server running on port 5000
Fri Oct 13 2023 19:43:11 } [StaySolutionBD] info: Server running on port 5000
Fri Oct 13 2023 19:43:15 } [StaySolutionBD] info: true
Fri Oct 13 2023 19:44:40 } [StaySolutionBD] info: Server running on port 5000
Fri Oct 13 2023 19:45:1 } [StaySolutionBD] info: Server running on port 5000
Fri Oct 13 2023 19:45:10 } [StaySolutionBD] info: Server running on port 5000
Fri Oct 13 2023 19:45:12 } [StaySolutionBD] info: true
Fri Oct 13 2023 19:45:30 } [StaySolutionBD] info: false
Fri Oct 13 2023 19:45:30 } [StaySolutionBD] info: 
Invalid `prisma.user.create()` invocation:

{
  data: {
    firstName: "awqrqer",
    middleName: true,
                ~~~~
    lastName: "Smith",
    role: "USER",
    address: "123 Main St, Anytown, USA",
    email: "john.doe134@example.com",
    password: "123456"
  }
}

Argument `middleName`: Invalid value provided. Expected String or Null, provided Boolean.
Fri Oct 13 2023 19:45:57 } [StaySolutionBD] info: false
Fri Oct 13 2023 19:45:57 } [StaySolutionBD] info: 
Invalid `prisma.user.create()` invocation:

{
  data: {
    firstName: "awqrqer",
    middleName: 13234,
                ~~~~~
    lastName: "Smith",
    role: "USER",
    address: "123 Main St, Anytown, USA",
    email: "john.doe134@example.com",
    password: "123456"
  }
}

Argument `middleName`: Invalid value provided. Expected String or Null, provided Int.
Fri Oct 13 2023 19:46:13 } [StaySolutionBD] info: true
Fri Oct 13 2023 19:49:14 } [StaySolutionBD] info: Server running on port 5000
Fri Oct 13 2023 19:49:16 } [StaySolutionBD] info: true
Fri Oct 13 2023 19:49:17 } [StaySolutionBD] info: true
Fri Oct 13 2023 19:49:31 } [StaySolutionBD] info: Server running on port 5000
Fri Oct 13 2023 19:49:35 } [StaySolutionBD] info: true
Fri Oct 13 2023 19:49:51 } [StaySolutionBD] info: Server running on port 5000
Fri Oct 13 2023 19:51:39 } [StaySolutionBD] info: Server running on port 5000
Fri Oct 13 2023 19:55:14 } [StaySolutionBD] info: Server running on port 5000
Fri Oct 13 2023 19:55:59 } [StaySolutionBD] info: Server running on port 5000
